0 info it worked if it ends with ok
1 verbose cli [ 'D:\\program files\\nodejs\\\\node.exe',
1 verbose cli   'D:\\program files\\nodejs\\node_modules\\npm\\bin\\npm-cli.js',
1 verbose cli   'install' ]
2 info using npm@1.4.9
3 info using node@v0.10.28
4 verbose node symlink D:\program files\nodejs\\node.exe
5 warn package.json gruntjs.cn@0.1.0 No description
6 warn package.json gruntjs.cn@0.1.0 No repository field.
7 warn package.json gruntjs.cn@0.1.0 No README data
8 verbose readDependencies using package.json deps
9 verbose install where, deps [ 'D:\\like\\git\\main\\static',
9 verbose install   [ 'grunt',
9 verbose install     'grunt-contrib-watch',
9 verbose install     'grunt-contrib-sass',
9 verbose install     'grunt-contrib-less',
9 verbose install     'grunt-contrib-cssmin',
9 verbose install     'grunt-contrib-jshint' ] ]
10 info preinstall gruntjs.cn@0.1.0
11 verbose readDependencies using package.json deps
12 verbose already installed skipping grunt@0.4.1 D:\like\git\main\static
13 verbose already installed skipping grunt-contrib-watch@0.4.3 D:\like\git\main\static
14 verbose already installed skipping grunt-contrib-sass@0.4.0 D:\like\git\main\static
15 verbose already installed skipping grunt-contrib-less@* D:\like\git\main\static
16 verbose already installed skipping grunt-contrib-cssmin@~0.10.0 D:\like\git\main\static
17 verbose already installed skipping grunt-contrib-jshint@~0.6.3 D:\like\git\main\static
18 silly resolved []
19 info build D:\like\git\main\static
20 verbose linkStuff [ false, false, false, 'D:\\like\\git\\main' ]
21 info linkStuff gruntjs.cn@0.1.0
22 verbose linkBins gruntjs.cn@0.1.0
23 verbose linkMans gruntjs.cn@0.1.0
24 verbose rebuildBundles gruntjs.cn@0.1.0
25 verbose rebuildBundles [ 'grunt',
25 verbose rebuildBundles   'grunt-contrib-cssmin',
25 verbose rebuildBundles   'grunt-contrib-jshint',
25 verbose rebuildBundles   'grunt-contrib-less',
25 verbose rebuildBundles   'grunt-contrib-sass',
25 verbose rebuildBundles   'grunt-contrib-watch' ]
26 info install gruntjs.cn@0.1.0
27 info postinstall gruntjs.cn@0.1.0
28 info prepublish gruntjs.cn@0.1.0
29 error peerinvalid The package grunt does not satisfy its siblings' peerDependencies requirements!
29 error peerinvalid Peer grunt-contrib-watch@0.4.3 wants grunt@~0.4.0
29 error peerinvalid Peer grunt-contrib-sass@0.4.0 wants grunt@~0.4.0
29 error peerinvalid Peer grunt-contrib-less@1.0.0 wants grunt@~0.4.5
29 error peerinvalid Peer grunt-contrib-cssmin@0.10.0 wants grunt@~0.4.1
29 error peerinvalid Peer grunt-contrib-jshint@0.6.5 wants grunt@~0.4.0
30 error System Windows_NT 6.1.7601
31 error command "D:\\program files\\nodejs\\\\node.exe" "D:\\program files\\nodejs\\node_modules\\npm\\bin\\npm-cli.js" "install"
32 error cwd D:\like\git\main\static
33 error node -v v0.10.28
34 error npm -v 1.4.9
35 error code EPEERINVALID
36 verbose exit [ 1, true ]
